<?xml version="1.0" encoding="UTF-8"?>
<!-- Generated by org.testng.reporters.JUnitReportReporter -->
<testsuite hostname="DESKTOP-6BO37H3" failures="0" tests="1" name="com.petSmile.SeleniumTest.SeleniumTest" time="0.161" errors="0" timestamp="2023-09-18T12:05:13 CLST" skipped="0">
  <testcase classname="com.petSmile.SeleniumTest.SeleniumTest" name="f" time="0.161"/>
</testsuite> <!-- com.petSmile.SeleniumTest.SeleniumTest -->
