<?xml version="1.0" encoding="UTF-8"?>
<!-- Generated by org.testng.reporters.JUnitReportReporter -->
<testsuite hostname="DESKTOP-6BO37H3" failures="0" tests="1" name="com.petSmile.SeleniumTest.SeleniumTestAgregarAgenda" time="0.661" errors="0" timestamp="2023-09-18T12:27:37 CLST" skipped="0">
  <testcase classname="com.petSmile.SeleniumTest.SeleniumTestAgregarAgenda" name="f" time="0.661"/>
</testsuite> <!-- com.petSmile.SeleniumTest.SeleniumTestAgregarAgenda -->
