<?xml version="1.0" encoding="UTF-8"?>
<!-- Generated by org.testng.reporters.JUnitReportReporter -->
<testsuite hostname="DESKTOP-6BO37H3" failures="0" tests="1" name="com.petSmile.SeleniumTest.SeleniumTestInicioIncorrecto" time="0.146" errors="0" timestamp="2023-09-18T12:13:02 CLST" skipped="0">
  <testcase classname="com.petSmile.SeleniumTest.SeleniumTestInicioIncorrecto" name="f" time="0.146"/>
</testsuite> <!-- com.petSmile.SeleniumTest.SeleniumTestInicioIncorrecto -->
